<?xml version="1.0" encoding="UTF-8"?>
<!-- Generated by org.testng.reporters.JUnitXMLReporter -->
<testsuite ignored="4" hostname="ANONYMOUS" failures="0" tests="1" name="Default test" time="4.386" errors="0" timestamp="15 Oct 2023 19:28:00 GMT">
  <testcase classname="com.sevenrmartsupermarket.tests.ManageDeliveryBoyTest" name="verifyDeliveryBoyStatusChangeOfMember" time="1.004"/>
  <testcase classname="com.sevenrmartsupermarket.tests.ManageDeliveryBoyTest" name="verifyNewUserSearch" time="0.0">
    <ignored/>
  </testcase> <!-- verifyNewUserSearch -->
  <testcase classname="com.sevenrmartsupermarket.tests.ManageDeliveryBoyTest" name="verifyNewDeliveryBoyEntry" time="0.0">
    <ignored/>
  </testcase> <!-- verifyNewDeliveryBoyEntry -->
  <testcase classname="com.sevenrmartsupermarket.tests.ManageDeliveryBoyTest" name="verifyEditDeliveryBoyDetail" time="0.0">
    <ignored/>
  </testcase> <!-- verifyEditDeliveryBoyDetail -->
  <testcase classname="com.sevenrmartsupermarket.tests.ManageDeliveryBoyTest" name="verifyMemberDeletion" time="0.0">
    <ignored/>
  </testcase> <!-- verifyMemberDeletion -->
</testsuite> <!-- Default test -->
