<?xml version="1.0" encoding="UTF-8"?>
<!-- Generated by org.testng.reporters.JUnitXMLReporter -->
<testsuite ignored="3" hostname="ANONYMOUS" failures="0" tests="1" name="Smoke Test Running" time="6.003" errors="0" timestamp="13 Oct 2023 02:05:23 GMT">
  <testcase classname="com.sevenrmartsupermarket.tests.AdminUsersTest" name="verifyDeleteUser" time="0.243"/>
  <testcase classname="com.sevenrmartsupermarket.tests.AdminUsersTest" name="verifyLogin" time="0.0">
    <ignored/>
  </testcase> <!-- verifyLogin -->
  <testcase classname="com.sevenrmartsupermarket.tests.AdminUsersTest" name="verifyNewAdminUsersCreation" time="0.0">
    <ignored/>
  </testcase> <!-- verifyNewAdminUsersCreation -->
  <testcase classname="com.sevenrmartsupermarket.tests.AdminUsersTest" name="verifyUserDeactivation" time="0.0">
    <ignored/>
  </testcase> <!-- verifyUserDeactivation -->
</testsuite> <!-- Smoke Test Running -->
