<?xml version="1.0" encoding="UTF-8"?>
<!-- Generated by org.testng.reporters.JUnitXMLReporter -->
<testsuite ignored="0" hostname="ANONYMOUS" failures="0" tests="4" name="Running in edge" time="25.672" errors="0" timestamp="12 Oct 2023 02:30:14 GMT">
  <testcase classname="com.sevenrmartsupermarket.tests.LoginTest" name="verifyInvalidLoginErrorMessage" time="0.836"/>
  <testcase classname="com.sevenrmartsupermarket.tests.LoginTest" name="verifyLoginFunctionality" time="1.086"/>
  <testcase classname="com.sevenrmartsupermarket.tests.LoginTest" name="verifyStaffLogin" time="1.437"/>
  <testcase classname="com.sevenrmartsupermarket.tests.PushNotificationTest" name="verifyPushNotificationClickSuccessMessage" time="2.88"/>
</testsuite> <!-- Running in edge -->
