<?xml version="1.0" encoding="UTF-8"?>
<testng-results ignored="4" total="5" passed="1" failed="0" skipped="0">
  <reporter-output>
  </reporter-output>
  <suite started-at="2023-10-15T19:27:56Z" name="Default suite" finished-at="2023-10-15T19:28:00Z" duration-ms="4386">
    <groups>
    </groups>
    <test started-at="2023-10-15T19:27:56Z" name="Default test" finished-at="2023-10-15T19:28:00Z" duration-ms="4386">
      <class name="com.sevenrmartsupermarket.tests.ManageDeliveryBoyTest">
        <test-method is-config="true" signature="launchBrowser()[pri:0, instance:com.sevenrmartsupermarket.tests.ManageDeliveryBoyTest@2766ca9d]" started-at="2023-10-16T00:57:56Z" name="launchBrowser" finished-at="2023-10-16T00:57:59Z" duration-ms="3361" status="PASS">
          <reporter-output>
          </reporter-output>
        </test-method> <!-- launchBrowser -->
        <test-method signature="verifyDeliveryBoyStatusChangeOfMember()[pri:0, instance:com.sevenrmartsupermarket.tests.ManageDeliveryBoyTest@2766ca9d]" started-at="2023-10-16T00:57:59Z" name="verifyDeliveryBoyStatusChangeOfMember" finished-at="2023-10-16T00:58:00Z" duration-ms="1004" status="PASS">
          <reporter-output>
          </reporter-output>
        </test-method> <!-- verifyDeliveryBoyStatusChangeOfMember -->
        <test-method is-config="true" signature="endSession(org.testng.ITestResult)[pri:0, instance:com.sevenrmartsupermarket.tests.ManageDeliveryBoyTest@2766ca9d]" started-at="2023-10-16T00:58:00Z" name="endSession" finished-at="2023-10-16T00:58:00Z" duration-ms="1" status="PASS">
          <params>
            <param index="0">
              <value>
                <![CDATA[[TestResult name=verifyDeliveryBoyStatusChangeOfMember status=SUCCESS method=ManageDeliveryBoyTest.verifyDeliveryBoyStatusChangeOfMember()[pri:0, instance:com.sevenrmartsupermarket.tests.ManageDeliveryBoyTest@2766ca9d] output={null}]]]>
              </value>
            </param>
          </params>
          <reporter-output>
          </reporter-output>
        </test-method> <!-- endSession -->
      </class> <!-- com.sevenrmartsupermarket.tests.ManageDeliveryBoyTest -->
    </test> <!-- Default test -->
  </suite> <!-- Default suite -->
</testng-results>
